#
# A fatal error has been detected by the Java Runtime Environment:
#
#  Internal Error (safepoint.cpp:919), pid=25032, tid=30727
#  fatal error: Illegal threadstate encountered: 4
#
# JRE version: OpenJDK Runtime Environment (11.0.12+7) (build 11.0.12+7-LTS)
# Java VM: OpenJDK 64-Bit Server VM (11.0.12+7-LTS, mixed mode, tiered, compressed oops, g1 gc, bsd-aarch64)
# No core dump will be written. Core dumps have been disabled. To enable core dumping, try "ulimit -c unlimited" before starting Java again
#
# If you would like to submit a bug report, please visit:
#   https://bell-sw.com/support
# The crash happened outside the Java Virtual Machine in native code.
# See problematic frame for where to report the bug.
#

---------------  S U M M A R Y ------------

Command Line: -Djava.library.path=/Users/projectbuild/Desktop/JavaCS3318/javafx-sdk-11.0.2/lib -javaagent:/Applications/IntelliJ IDEA CE.app/Contents/lib/idea_rt.jar=52717:/Applications/IntelliJ IDEA CE.app/Contents/bin -Dfile.encoding=UTF-8 --module-path=/Users/projectbuild/.m2/repository/org/openjfx/javafx-graphics/11.0.2/javafx-graphics-11.0.2-mac.jar:/Users/projectbuild/.m2/repository/org/openjfx/javafx-base/11.0.2/javafx-base-11.0.2-mac.jar:/Users/projectbuild/.m2/repository/org/openjfx/javafx-fxml/11.0.2/javafx-fxml-11.0.2-mac.jar:/Users/projectbuild/.m2/repository/org/openjfx/javafx-controls/11.0.2/javafx-controls-11.0.2-mac.jar:/Users/projectbuild/Desktop/JavaFxAssignment3/target/classes -Djdk.module.main=com.example.javafxassignment3 com.example.javafxassignment3/com.example.javafxassignment3.RegistrationFormApplication

Host: MacBookPro17,1 arm64 1 MHz, 8 cores, 8G, Darwin 21.1.0
Time: Sun Dec  5 14:40:18 2021 GMT elapsed time: 0.285014 seconds (0d 0h 0m 0s)

---------------  T H R E A D  ---------------

Current thread (0x000000012c1f4000):  JavaThread "InvokeLaterDispatcher" daemon [_thread_in_native, id=30727, stack(0x000000016d5c8000,0x000000016d7cb000)]

Stack: [0x000000016d5c8000,0x000000016d7cb000],  sp=0x000000016d7ca090,  free space=2056k
Native frames: (J=compiled Java code, A=aot compiled Java code, j=interpreted, Vv=VM code, C=native code)
V  [libjvm.dylib+0x6c3bec]  _ZN7VMError14report_and_dieEiPKcS1_PcP6ThreadPhPvS6_S1_im+0x5f8
V  [libjvm.dylib+0x6c42dc]  _ZN7VMError14report_and_dieEP6ThreadPvPKciS4_S4_Pc+0x40
V  [libjvm.dylib+0x202ee4]  _Z12report_fatalPKciS0_z+0x58
V  [libjvm.dylib+0x5f2bb4]  _ZN20SafepointSynchronize5blockEP10JavaThread+0x218
V  [libjvm.dylib+0x67cef0]  _ZN10JavaThread44check_safepoint_and_suspend_for_native_transEPS_+0xb8
V  [libjvm.dylib+0x370bf4]  jni_DeleteGlobalRef+0xc0
C  [libglass.dylib+0xaf00]  -[GlassRunnable dealloc]+0x34
C  [Foundation+0x85e0c]  -[_NSThreadPerformInfo dealloc]+0x30
C  [Foundation+0x525e8]  -[NSObject(NSThreadPerformAdditions) performSelectorOnMainThread:withObject:waitUntilDone:]+0x88
C  0xd2648001106b7bfc
j  com.sun.glass.ui.mac.MacApplication.submitForLaterInvocation(Ljava/lang/Runnable;)V+2 javafx.graphics@11.0.12
j  com.sun.glass.ui.InvokeLaterDispatcher.run()V+82 javafx.graphics@11.0.12
v  ~StubRoutines::call_stub
V  [libjvm.dylib+0x32e41c]  _ZN9JavaCalls11call_helperEP9JavaValueRK12methodHandleP17JavaCallArgumentsP6Thread+0x2e0
V  [libjvm.dylib+0x32d77c]  _ZN9JavaCalls12call_virtualEP9JavaValueP5KlassP6SymbolS5_P17JavaCallArgumentsP6Thread+0xec
V  [libjvm.dylib+0x32d844]  _ZN9JavaCalls12call_virtualEP9JavaValue6HandleP5KlassP6SymbolS6_P6Thread+0x64
V  [libjvm.dylib+0x3c0c50]  _ZL12thread_entryP10JavaThreadP6Thread+0x78
V  [libjvm.dylib+0x67b988]  _ZN10JavaThread17thread_main_innerEv+0x80
V  [libjvm.dylib+0x67b7b4]  _ZN10JavaThread3runEv+0x17c
V  [libjvm.dylib+0x6794d4]  _ZN6Thread8call_runEv+0x78
V  [libjvm.dylib+0x57d38c]  _ZL19thread_native_entryP6Thread+0x13c
C  [libsystem_pthread.dylib+0x74ec]  _pthread_start+0x94

Java frames: (J=compiled Java code, j=interpreted, Vv=VM code)
j  com.sun.glass.ui.mac.MacApplication._submitForLaterInvocation(Ljava/lang/Runnable;)V+0 javafx.graphics@11.0.12
j  com.sun.glass.ui.mac.MacApplication.submitForLaterInvocation(Ljava/lang/Runnable;)V+2 javafx.graphics@11.0.12
j  com.sun.glass.ui.InvokeLaterDispatcher.run()V+82 javafx.graphics@11.0.12
v  ~StubRoutines::call_stub

---------------  P R O C E S S  ---------------

Threads class SMR info:
_java_thread_list=0x00006000018dc6e0, length=13, elements={
0x000000012b808800, 0x000000012b8fc000, 0x000000012c019800, 0x000000012c026000,
0x000000012c023000, 0x000000012f80a800, 0x000000012f80b800, 0x000000012f80c800,
0x000000012c06e000, 0x000000012b967800, 0x000000012b058800, 0x000000012c1f4000,
0x000000013d110000
}

Java Threads: ( => current thread )
  0x000000012b808800 JavaThread "main" [_thread_in_native, id=6403, stack(0x000000016af4c000,0x000000016b14f000)]
  0x000000012b8fc000 JavaThread "Reference Handler" daemon [_thread_blocked, id=17923, stack(0x000000016bda0000,0x000000016bfa3000)]
  0x000000012c019800 JavaThread "Finalizer" daemon [_thread_blocked, id=17667, stack(0x000000016bfac000,0x000000016c1af000)]
  0x000000012c026000 JavaThread "Signal Dispatcher" daemon [_thread_blocked, id=16131, stack(0x000000016c35c000,0x000000016c55f000)]
  0x000000012c023000 JavaThread "Service Thread" daemon [_thread_blocked, id=22275, stack(0x000000016c568000,0x000000016c76b000)]
  0x000000012f80a800 JavaThread "C2 CompilerThread0" daemon [_thread_blocked, id=23043, stack(0x000000016c774000,0x000000016c977000)]
  0x000000012f80b800 JavaThread "C1 CompilerThread0" daemon [_thread_blocked, id=23299, stack(0x000000016c980000,0x000000016cb83000)]
  0x000000012f80c800 JavaThread "Sweeper thread" daemon [_thread_blocked, id=24067, stack(0x000000016cb8c000,0x000000016cd8f000)]
  0x000000012c06e000 JavaThread "Common-Cleaner" daemon [_thread_blocked, id=24323, stack(0x000000016cd98000,0x000000016cf9b000)]
  0x000000012b967800 JavaThread "Monitor Ctrl-Break" daemon [_thread_in_native, id=25091, stack(0x000000016cfa4000,0x000000016d1a7000)]
  0x000000012b058800 JavaThread "QuantumRenderer-0" daemon [_thread_in_vm, id=41475, stack(0x000000016d3bc000,0x000000016d5bf000)]
=>0x000000012c1f4000 JavaThread "InvokeLaterDispatcher" daemon [_thread_in_native, id=30727, stack(0x000000016d5c8000,0x000000016d7cb000)]
  0x000000013d110000 JavaThread "JavaFX Application Thread" [_thread_blocked, id=259, stack(0x0000000168ec0000,0x000000016aec0000)]

Other Threads:
  0x000000012b8f4000 VMThread "VM Thread" [stack: 0x000000016bb94000,0x000000016bd97000] [id=13315]
  0x000000013c810800 WatcherThread [stack: 0x000000016d1b0000,0x000000016d3b3000] [id=41987]
  0x000000012b80b000 GCTaskThread "GC Thread#0" [stack: 0x000000016b158000,0x000000016b35b000] [id=20739]
  0x000000012b83a800 ConcurrentGCThread "G1 Main Marker" [stack: 0x000000016b364000,0x000000016b567000] [id=20227]
  0x000000012b83b000 ConcurrentGCThread "G1 Conc#0" [stack: 0x000000016b570000,0x000000016b773000] [id=12035]
  0x000000012b89c000 ConcurrentGCThread "G1 Refine#0" [stack: 0x000000016b77c000,0x000000016b97f000] [id=19459]
  0x000000012b89c800 ConcurrentGCThread "G1 Young RemSet Sampling" [stack: 0x000000016b988000,0x000000016bb8b000] [id=18947]

Threads with active compile tasks:

VM state:not at safepoint (normal execution)

VM Mutex/Monitor currently owned by a thread: None

Heap address: 0x0000000740000000, size: 2048 MB, Compressed Oops mode: Zero based, Oop shift amount: 3
Narrow klass base: 0x0000000800000000, Narrow klass shift: 0
Compressed class space size: 1073741824 Address: 0x0000000800000000

Heap:
 garbage-first heap   total 131072K, used 11264K [0x0000000740000000, 0x00000007c0000000)
  region size 1024K, 13 young (13312K), 0 survivors (0K)
 Metaspace       used 10156K, capacity 10406K, committed 10624K, reserved 1058816K
  class space    used 989K, capacity 1096K, committed 1152K, reserved 1048576K
Heap Regions: E=young(eden), S=young(survivor), O=old, HS=humongous(starts), HC=humongous(continues), CS=collection set, F=free, A=archive, TAMS=top-at-mark-start (previous, next)
|   0|0x0000000740000000, 0x0000000740000000, 0x0000000740100000|  0%| F|  |TAMS 0x0000000740000000, 0x0000000740000000| Untracked 
|   1|0x0000000740100000, 0x0000000740100000, 0x0000000740200000|  0%| F|  |TAMS 0x0000000740100000, 0x0000000740100000| Untracked 
|   2|0x0000000740200000, 0x0000000740200000, 0x0000000740300000|  0%| F|  |TAMS 0x0000000740200000, 0x0000000740200000| Untracked 
|   3|0x0000000740300000, 0x0000000740300000, 0x0000000740400000|  0%| F|  |TAMS 0x0000000740300000, 0x0000000740300000| Untracked 
|   4|0x0000000740400000, 0x0000000740400000, 0x0000000740500000|  0%| F|  |TAMS 0x0000000740400000, 0x0000000740400000| Untracked 
|   5|0x0000000740500000, 0x0000000740500000, 0x0000000740600000|  0%| F|  |TAMS 0x0000000740500000, 0x0000000740500000| Untracked 
|   6|0x0000000740600000, 0x0000000740600000, 0x0000000740700000|  0%| F|  |TAMS 0x0000000740600000, 0x0000000740600000| Untracked 
|   7|0x0000000740700000, 0x0000000740700000, 0x0000000740800000|  0%| F|  |TAMS 0x0000000740700000, 0x0000000740700000| Untracked 
|   8|0x0000000740800000, 0x0000000740800000, 0x0000000740900000|  0%| F|  |TAMS 0x0000000740800000, 0x0000000740800000| Untracked 
|   9|0x0000000740900000, 0x0000000740900000, 0x0000000740a00000|  0%| F|  |TAMS 0x0000000740900000, 0x0000000740900000| Untracked 
|  10|0x0000000740a00000, 0x0000000740a00000, 0x0000000740b00000|  0%| F|  |TAMS 0x0000000740a00000, 0x0000000740a00000| Untracked 
|  11|0x0000000740b00000, 0x0000000740b00000, 0x0000000740c00000|  0%| F|  |TAMS 0x0000000740b00000, 0x0000000740b00000| Untracked 
|  12|0x0000000740c00000, 0x0000000740c00000, 0x0000000740d00000|  0%| F|  |TAMS 0x0000000740c00000, 0x0000000740c00000| Untracked 
|  13|0x0000000740d00000, 0x0000000740d00000, 0x0000000740e00000|  0%| F|  |TAMS 0x0000000740d00000, 0x0000000740d00000| Untracked 
|  14|0x0000000740e00000, 0x0000000740e00000, 0x0000000740f00000|  0%| F|  |TAMS 0x0000000740e00000, 0x0000000740e00000| Untracked 
|  15|0x0000000740f00000, 0x0000000740f00000, 0x0000000741000000|  0%| F|  |TAMS 0x0000000740f00000, 0x0000000740f00000| Untracked 
|  16|0x0000000741000000, 0x0000000741000000, 0x0000000741100000|  0%| F|  |TAMS 0x0000000741000000, 0x0000000741000000| Untracked 
|  17|0x0000000741100000, 0x0000000741100000, 0x0000000741200000|  0%| F|  |TAMS 0x0000000741100000, 0x0000000741100000| Untracked 
|  18|0x0000000741200000, 0x0000000741200000, 0x0000000741300000|  0%| F|  |TAMS 0x0000000741200000, 0x0000000741200000| Untracked 
|  19|0x0000000741300000, 0x0000000741300000, 0x0000000741400000|  0%| F|  |TAMS 0x0000000741300000, 0x0000000741300000| Untracked 
|  20|0x0000000741400000, 0x0000000741400000, 0x0000000741500000|  0%| F|  |TAMS 0x0000000741400000, 0x0000000741400000| Untracked 
|  21|0x0000000741500000, 0x0000000741500000, 0x0000000741600000|  0%| F|  |TAMS 0x0000000741500000, 0x0000000741500000| Untracked 
|  22|0x0000000741600000, 0x0000000741600000, 0x0000000741700000|  0%| F|  |TAMS 0x0000000741600000, 0x0000000741600000| Untracked 
|  23|0x0000000741700000, 0x0000000741700000, 0x0000000741800000|  0%| F|  |TAMS 0x0000000741700000, 0x0000000741700000| Untracked 
|  24|0x0000000741800000, 0x0000000741800000, 0x0000000741900000|  0%| F|  |TAMS 0x0000000741800000, 0x0000000741800000| Untracked 
|  25|0x0000000741900000, 0x0000000741900000, 0x0000000741a00000|  0%| F|  |TAMS 0x0000000741900000, 0x0000000741900000| Untracked 
|  26|0x0000000741a00000, 0x0000000741a00000, 0x0000000741b00000|  0%| F|  |TAMS 0x0000000741a00000, 0x0000000741a00000| Untracked 
|  27|0x0000000741b00000, 0x0000000741b00000, 0x0000000741c00000|  0%| F|  |TAMS 0x0000000741b00000, 0x0000000741b00000| Untracked 
|  28|0x0000000741c00000, 0x0000000741c00000, 0x0000000741d00000|  0%| F|  |TAMS 0x0000000741c00000, 0x0000000741c00000| Untracked 
|  29|0x0000000741d00000, 0x0000000741d00000, 0x0000000741e00000|  0%| F|  |TAMS 0x0000000741d00000, 0x0000000741d00000| Untracked 
|  30|0x0000000741e00000, 0x0000000741e00000, 0x0000000741f00000|  0%| F|  |TAMS 0x0000000741e00000, 0x0000000741e00000| Untracked 
|  31|0x0000000741f00000, 0x0000000741f00000, 0x0000000742000000|  0%| F|  |TAMS 0x0000000741f00000, 0x0000000741f00000| Untracked 
|  32|0x0000000742000000, 0x0000000742000000, 0x0000000742100000|  0%| F|  |TAMS 0x0000000742000000, 0x0000000742000000| Untracked 
|  33|0x0000000742100000, 0x0000000742100000, 0x0000000742200000|  0%| F|  |TAMS 0x0000000742100000, 0x0000000742100000| Untracked 
|  34|0x0000000742200000, 0x0000000742200000, 0x0000000742300000|  0%| F|  |TAMS 0x0000000742200000, 0x0000000742200000| Untracked 
|  35|0x0000000742300000, 0x0000000742300000, 0x0000000742400000|  0%| F|  |TAMS 0x0000000742300000, 0x0000000742300000| Untracked 
|  36|0x0000000742400000, 0x0000000742400000, 0x0000000742500000|  0%| F|  |TAMS 0x0000000742400000, 0x0000000742400000| Untracked 
|  37|0x0000000742500000, 0x0000000742500000, 0x0000000742600000|  0%| F|  |TAMS 0x0000000742500000, 0x0000000742500000| Untracked 
|  38|0x0000000742600000, 0x0000000742600000, 0x0000000742700000|  0%| F|  |TAMS 0x0000000742600000, 0x0000000742600000| Untracked 
|  39|0x0000000742700000, 0x0000000742700000, 0x0000000742800000|  0%| F|  |TAMS 0x0000000742700000, 0x0000000742700000| Untracked 
|  40|0x0000000742800000, 0x0000000742800000, 0x0000000742900000|  0%| F|  |TAMS 0x0000000742800000, 0x0000000742800000| Untracked 
|  41|0x0000000742900000, 0x0000000742900000, 0x0000000742a00000|  0%| F|  |TAMS 0x0000000742900000, 0x0000000742900000| Untracked 
|  42|0x0000000742a00000, 0x0000000742a00000, 0x0000000742b00000|  0%| F|  |TAMS 0x0000000742a00000, 0x0000000742a00000| Untracked 
|  43|0x0000000742b00000, 0x0000000742b00000, 0x0000000742c00000|  0%| F|  |TAMS 0x0000000742b00000, 0x0000000742b00000| Untracked 
|  44|0x0000000742c00000, 0x0000000742c00000, 0x0000000742d00000|  0%| F|  |TAMS 0x0000000742c00000, 0x0000000742c00000| Untracked 
|  45|0x0000000742d00000, 0x0000000742d00000, 0x0000000742e00000|  0%| F|  |TAMS 0x0000000742d00000, 0x0000000742d00000| Untracked 
|  46|0x0000000742e00000, 0x0000000742e00000, 0x0000000742f00000|  0%| F|  |TAMS 0x0000000742e00000, 0x0000000742e00000| Untracked 
|  47|0x0000000742f00000, 0x0000000742f00000, 0x0000000743000000|  0%| F|  |TAMS 0x0000000742f00000, 0x0000000742f00000| Untracked 
|  48|0x0000000743000000, 0x0000000743000000, 0x0000000743100000|  0%| F|  |TAMS 0x0000000743000000, 0x0000000743000000| Untracked 
|  49|0x0000000743100000, 0x0000000743100000, 0x0000000743200000|  0%| F|  |TAMS 0x0000000743100000, 0x0000000743100000| Untracked 
|  50|0x0000000743200000, 0x0000000743200000, 0x0000000743300000|  0%| F|  |TAMS 0x0000000743200000, 0x0000000743200000| Untracked 
|  51|0x0000000743300000, 0x0000000743300000, 0x0000000743400000|  0%| F|  |TAMS 0x0000000743300000, 0x0000000743300000| Untracked 
|  52|0x0000000743400000, 0x0000000743400000, 0x0000000743500000|  0%| F|  |TAMS 0x0000000743400000, 0x0000000743400000| Untracked 
|  53|0x0000000743500000, 0x0000000743500000, 0x0000000743600000|  0%| F|  |TAMS 0x0000000743500000, 0x0000000743500000| Untracked 
|  54|0x0000000743600000, 0x0000000743600000, 0x0000000743700000|  0%| F|  |TAMS 0x0000000743600000, 0x0000000743600000| Untracked 
|  55|0x0000000743700000, 0x0000000743700000, 0x0000000743800000|  0%| F|  |TAMS 0x0000000743700000, 0x0000000743700000| Untracked 
|  56|0x0000000743800000, 0x0000000743800000, 0x0000000743900000|  0%| F|  |TAMS 0x0000000743800000, 0x0000000743800000| Untracked 
|  57|0x0000000743900000, 0x0000000743900000, 0x0000000743a00000|  0%| F|  |TAMS 0x0000000743900000, 0x0000000743900000| Untracked 
|  58|0x0000000743a00000, 0x0000000743a00000, 0x0000000743b00000|  0%| F|  |TAMS 0x0000000743a00000, 0x0000000743a00000| Untracked 
|  59|0x0000000743b00000, 0x0000000743b00000, 0x0000000743c00000|  0%| F|  |TAMS 0x0000000743b00000, 0x0000000743b00000| Untracked 
|  60|0x0000000743c00000, 0x0000000743c00000, 0x0000000743d00000|  0%| F|  |TAMS 0x0000000743c00000, 0x0000000743c00000| Untracked 
|  61|0x0000000743d00000, 0x0000000743d00000, 0x0000000743e00000|  0%| F|  |TAMS 0x0000000743d00000, 0x0000000743d00000| Untracked 
|  62|0x0000000743e00000, 0x0000000743e00000, 0x0000000743f00000|  0%| F|  |TAMS 0x0000000743e00000, 0x0000000743e00000| Untracked 
|  63|0x0000000743f00000, 0x0000000743f00000, 0x0000000744000000|  0%| F|  |TAMS 0x0000000743f00000, 0x0000000743f00000| Untracked 
|  64|0x0000000744000000, 0x0000000744000000, 0x0000000744100000|  0%| F|  |TAMS 0x0000000744000000, 0x0000000744000000| Untracked 
|  65|0x0000000744100000, 0x0000000744100000, 0x0000000744200000|  0%| F|  |TAMS 0x0000000744100000, 0x0000000744100000| Untracked 
|  66|0x0000000744200000, 0x0000000744200000, 0x0000000744300000|  0%| F|  |TAMS 0x0000000744200000, 0x0000000744200000| Untracked 
|  67|0x0000000744300000, 0x0000000744300000, 0x0000000744400000|  0%| F|  |TAMS 0x0000000744300000, 0x0000000744300000| Untracked 
|  68|0x0000000744400000, 0x0000000744400000, 0x0000000744500000|  0%| F|  |TAMS 0x0000000744400000, 0x0000000744400000| Untracked 
|  69|0x0000000744500000, 0x0000000744500000, 0x0000000744600000|  0%| F|  |TAMS 0x0000000744500000, 0x0000000744500000| Untracked 
|  70|0x0000000744600000, 0x0000000744600000, 0x0000000744700000|  0%| F|  |TAMS 0x0000000744600000, 0x0000000744600000| Untracked 
|  71|0x0000000744700000, 0x0000000744700000, 0x0000000744800000|  0%| F|  |TAMS 0x0000000744700000, 0x0000000744700000| Untracked 
|  72|0x0000000744800000, 0x0000000744800000, 0x0000000744900000|  0%| F|  |TAMS 0x0000000744800000, 0x0000000744800000| Untracked 
|  73|0x0000000744900000, 0x0000000744900000, 0x0000000744a00000|  0%| F|  |TAMS 0x0000000744900000, 0x0000000744900000| Untracked 
|  74|0x0000000744a00000, 0x0000000744a00000, 0x0000000744b00000|  0%| F|  |TAMS 0x0000000744a00000, 0x0000000744a00000| Untracked 
|  75|0x0000000744b00000, 0x0000000744b00000, 0x0000000744c00000|  0%| F|  |TAMS 0x0000000744b00000, 0x0000000744b00000| Untracked 
|  76|0x0000000744c00000, 0x0000000744c00000, 0x0000000744d00000|  0%| F|  |TAMS 0x0000000744c00000, 0x0000000744c00000| Untracked 
|  77|0x0000000744d00000, 0x0000000744d00000, 0x0000000744e00000|  0%| F|  |TAMS 0x0000000744d00000, 0x0000000744d00000| Untracked 
|  78|0x0000000744e00000, 0x0000000744e00000, 0x0000000744f00000|  0%| F|  |TAMS 0x0000000744e00000, 0x0000000744e00000| Untracked 
|  79|0x0000000744f00000, 0x0000000744f00000, 0x0000000745000000|  0%| F|  |TAMS 0x0000000744f00000, 0x0000000744f00000| Untracked 
|  80|0x0000000745000000, 0x0000000745000000, 0x0000000745100000|  0%| F|  |TAMS 0x0000000745000000, 0x0000000745000000| Untracked 
|  81|0x0000000745100000, 0x0000000745100000, 0x0000000745200000|  0%| F|  |TAMS 0x0000000745100000, 0x0000000745100000| Untracked 
|  82|0x0000000745200000, 0x0000000745200000, 0x0000000745300000|  0%| F|  |TAMS 0x0000000745200000, 0x0000000745200000| Untracked 
|  83|0x0000000745300000, 0x0000000745300000, 0x0000000745400000|  0%| F|  |TAMS 0x0000000745300000, 0x0000000745300000| Untracked 
|  84|0x0000000745400000, 0x0000000745400000, 0x0000000745500000|  0%| F|  |TAMS 0x0000000745400000, 0x0000000745400000| Untracked 
|  85|0x0000000745500000, 0x0000000745500000, 0x0000000745600000|  0%| F|  |TAMS 0x0000000745500000, 0x0000000745500000| Untracked 
|  86|0x0000000745600000, 0x0000000745600000, 0x0000000745700000|  0%| F|  |TAMS 0x0000000745600000, 0x0000000745600000| Untracked 
|  87|0x0000000745700000, 0x0000000745700000, 0x0000000745800000|  0%| F|  |TAMS 0x0000000745700000, 0x0000000745700000| Untracked 
|  88|0x0000000745800000, 0x0000000745800000, 0x0000000745900000|  0%| F|  |TAMS 0x0000000745800000, 0x0000000745800000| Untracked 
|  89|0x0000000745900000, 0x0000000745900000, 0x0000000745a00000|  0%| F|  |TAMS 0x0000000745900000, 0x0000000745900000| Untracked 
|  90|0x0000000745a00000, 0x0000000745a00000, 0x0000000745b00000|  0%| F|  |TAMS 0x0000000745a00000, 0x0000000745a00000| Untracked 
|  91|0x0000000745b00000, 0x0000000745b00000, 0x0000000745c00000|  0%| F|  |TAMS 0x0000000745b00000, 0x0000000745b00000| Untracked 
|  92|0x0000000745c00000, 0x0000000745c00000, 0x0000000745d00000|  0%| F|  |TAMS 0x0000000745c00000, 0x0000000745c00000| Untracked 
|  93|0x0000000745d00000, 0x0000000745d00000, 0x0000000745e00000|  0%| F|  |TAMS 0x0000000745d00000, 0x0000000745d00000| Untracked 
|  94|0x0000000745e00000, 0x0000000745e00000, 0x0000000745f00000|  0%| F|  |TAMS 0x0000000745e00000, 0x0000000745e00000| Untracked 
|  95|0x0000000745f00000, 0x0000000745f00000, 0x0000000746000000|  0%| F|  |TAMS 0x0000000745f00000, 0x0000000745f00000| Untracked 
|  96|0x0000000746000000, 0x0000000746000000, 0x0000000746100000|  0%| F|  |TAMS 0x0000000746000000, 0x0000000746000000| Untracked 
|  97|0x0000000746100000, 0x0000000746100000, 0x0000000746200000|  0%| F|  |TAMS 0x0000000746100000, 0x0000000746100000| Untracked 
|  98|0x0000000746200000, 0x0000000746200000, 0x0000000746300000|  0%| F|  |TAMS 0x0000000746200000, 0x0000000746200000| Untracked 
|  99|0x0000000746300000, 0x0000000746300000, 0x0000000746400000|  0%| F|  |TAMS 0x0000000746300000, 0x0000000746300000| Untracked 
| 100|0x0000000746400000, 0x0000000746400000, 0x0000000746500000|  0%| F|  |TAMS 0x0000000746400000, 0x0000000746400000| Untracked 
| 101|0x0000000746500000, 0x0000000746500000, 0x0000000746600000|  0%| F|  |TAMS 0x0000000746500000, 0x0000000746500000| Untracked 
| 102|0x0000000746600000, 0x0000000746600000, 0x0000000746700000|  0%| F|  |TAMS 0x0000000746600000, 0x0000000746600000| Untracked 
| 103|0x0000000746700000, 0x0000000746700000, 0x0000000746800000|  0%| F|  |TAMS 0x0000000746700000, 0x0000000746700000| Untracked 
| 104|0x0000000746800000, 0x0000000746800000, 0x0000000746900000|  0%| F|  |TAMS 0x0000000746800000, 0x0000000746800000| Untracked 
| 105|0x0000000746900000, 0x0000000746900000, 0x0000000746a00000|  0%| F|  |TAMS 0x0000000746900000, 0x0000000746900000| Untracked 
| 106|0x0000000746a00000, 0x0000000746a00000, 0x0000000746b00000|  0%| F|  |TAMS 0x0000000746a00000, 0x0000000746a00000| Untracked 
| 107|0x0000000746b00000, 0x0000000746b00000, 0x0000000746c00000|  0%| F|  |TAMS 0x0000000746b00000, 0x0000000746b00000| Untracked 
| 108|0x0000000746c00000, 0x0000000746c00000, 0x0000000746d00000|  0%| F|  |TAMS 0x0000000746c00000, 0x0000000746c00000| Untracked 
| 109|0x0000000746d00000, 0x0000000746d00000, 0x0000000746e00000|  0%| F|  |TAMS 0x0000000746d00000, 0x0000000746d00000| Untracked 
| 110|0x0000000746e00000, 0x0000000746e00000, 0x0000000746f00000|  0%| F|  |TAMS 0x0000000746e00000, 0x0000000746e00000| Untracked 
| 111|0x0000000746f00000, 0x0000000746f00000, 0x0000000747000000|  0%| F|  |TAMS 0x0000000746f00000, 0x0000000746f00000| Untracked 
| 112|0x0000000747000000, 0x0000000747000000, 0x0000000747100000|  0%| F|  |TAMS 0x0000000747000000, 0x0000000747000000| Untracked 
| 113|0x0000000747100000, 0x0000000747100000, 0x0000000747200000|  0%| F|  |TAMS 0x0000000747100000, 0x0000000747100000| Untracked 
| 114|0x0000000747200000, 0x0000000747200000, 0x0000000747300000|  0%| F|  |TAMS 0x0000000747200000, 0x0000000747200000| Untracked 
| 115|0x0000000747300000, 0x0000000747380020, 0x0000000747400000| 50%| E|  |TAMS 0x0000000747300000, 0x0000000747300000| Complete 
| 116|0x0000000747400000, 0x00000007474f64c0, 0x0000000747500000| 96%| E|  |TAMS 0x0000000747400000, 0x0000000747400000| Complete 
| 117|0x0000000747500000, 0x0000000747600000, 0x0000000747600000|100%| E|CS|TAMS 0x0000000747500000, 0x0000000747500000| Complete 
| 118|0x0000000747600000, 0x0000000747700000, 0x0000000747700000|100%| E|CS|TAMS 0x0000000747600000, 0x0000000747600000| Complete 
| 119|0x0000000747700000, 0x0000000747800000, 0x0000000747800000|100%| E|CS|TAMS 0x0000000747700000, 0x0000000747700000| Complete 
| 120|0x0000000747800000, 0x0000000747900000, 0x0000000747900000|100%| E|CS|TAMS 0x0000000747800000, 0x0000000747800000| Complete 
| 121|0x0000000747900000, 0x0000000747a00000, 0x0000000747a00000|100%| E|CS|TAMS 0x0000000747900000, 0x0000000747900000| Complete 
| 122|0x0000000747a00000, 0x0000000747b00000, 0x0000000747b00000|100%| E|CS|TAMS 0x0000000747a00000, 0x0000000747a00000| Complete 
| 123|0x0000000747b00000, 0x0000000747c00000, 0x0000000747c00000|100%| E|CS|TAMS 0x0000000747b00000, 0x0000000747b00000| Complete 
| 124|0x0000000747c00000, 0x0000000747d00000, 0x0000000747d00000|100%| E|CS|TAMS 0x0000000747c00000, 0x0000000747c00000| Complete 
| 125|0x0000000747d00000, 0x0000000747e00000, 0x0000000747e00000|100%| E|CS|TAMS 0x0000000747d00000, 0x0000000747d00000| Complete 
| 126|0x0000000747e00000, 0x0000000747f00000, 0x0000000747f00000|100%| E|CS|TAMS 0x0000000747e00000, 0x0000000747e00000| Complete 
| 127|0x0000000747f00000, 0x0000000748000000, 0x0000000748000000|100%| E|CS|TAMS 0x0000000747f00000, 0x0000000747f00000| Complete 

Card table byte_map: [0x0000000105850000,0x0000000105c50000] _byte_map_base: 0x0000000101e50000

Marking Bits (Prev, Next): (CMBitMap*) 0x000000012b831e18, (CMBitMap*) 0x000000012b831e50
 Prev Bits: [0x0000000128000000, 0x000000012a000000)
 Next Bits: [0x000000012d800000, 0x000000012f800000)

Polling page: 0x00000001050cc000

Metaspace:

Usage:
  Non-class:      9.09 MB capacity,     8.95 MB ( 98%) used,   116.45 KB (  1%) free+waste,    24.81 KB ( <1%) overhead. 
      Class:      1.07 MB capacity,   989.16 KB ( 90%) used,    93.91 KB (  9%) free+waste,    12.94 KB (  1%) overhead. 
       Both:     10.16 MB capacity,     9.92 MB ( 98%) used,   210.35 KB (  2%) free+waste,    37.75 KB ( <1%) overhead. 

Virtual space:
  Non-class space:       10.00 MB reserved,       9.25 MB ( 92%) committed 
      Class space:        1.00 GB reserved,       1.12 MB ( <1%) committed 
             Both:        1.01 GB reserved,      10.38 MB (  1%) committed 

Chunk freelists:
   Non-Class:  34.00 KB
       Class:  24.00 KB
        Both:  58.00 KB

MaxMetaspaceSize: unlimited
CompressedClassSpaceSize: 1.00 GB
Initial GC threshold: 20.80 MB
Current GC threshold: 20.80 MB
CDS: off

CodeHeap 'non-profiled nmethods': size=120032Kb used=271Kb max_used=271Kb free=119760Kb
 bounds [0x0000000118174000, 0x00000001183e4000, 0x000000011f6ac000]
CodeHeap 'profiled nmethods': size=120016Kb used=1314Kb max_used=1314Kb free=118701Kb
 bounds [0x0000000110c40000, 0x0000000110eb0000, 0x0000000118174000]
CodeHeap 'non-nmethods': size=5712Kb used=1163Kb max_used=1185Kb free=4548Kb
 bounds [0x00000001106ac000, 0x000000011091c000, 0x0000000110c40000]
 total_blobs=1223 nmethods=758 adapters=382
 compilation: enabled
              stopped_count=0, restarted_count=0
 full_count=0

Compilation events (20 events):
Event: 0.209 Thread 0x000000012f80b800 nmethod 749 0x0000000110d76490 code [0x0000000110d766c0, 0x0000000110d76b30]
Event: 0.209 Thread 0x000000012f80b800  746       3       jdk.internal.org.objectweb.asm.MethodWriter::noSuccessor (95 bytes)
Event: 0.209 Thread 0x000000012f80b800 nmethod 746 0x0000000110d76c90 code [0x0000000110d76ec0, 0x0000000110d77580]
Event: 0.209 Thread 0x000000012f80b800  747       1       java.lang.invoke.InfoFromMemberName::getReferenceKind (5 bytes)
Event: 0.209 Thread 0x000000012f80b800 nmethod 747 0x00000001181b5d10 code [0x00000001181b5ec0, 0x00000001181b6010]
Event: 0.210 Thread 0x000000012f80b800  753       3       jdk.internal.org.objectweb.asm.MethodWriter::visitMaxs (1144 bytes)
Event: 0.211 Thread 0x000000012f80a800 nmethod 748 0x00000001181b6090 code [0x00000001181b6240, 0x00000001181b6530]
Event: 0.211 Thread 0x000000012f80a800  756       4       jdk.internal.org.objectweb.asm.ClassWriter::put (152 bytes)
Event: 0.211 Thread 0x000000012f80b800 nmethod 753 0x0000000110d77790 code [0x0000000110d77d80, 0x0000000110d7a460]
Event: 0.211 Thread 0x000000012f80b800  751       3       jdk.internal.org.objectweb.asm.MethodWriter::<init> (247 bytes)
Event: 0.212 Thread 0x000000012f80b800 nmethod 751 0x0000000110d7b990 code [0x0000000110d7bcc0, 0x0000000110d7cca0]
Event: 0.212 Thread 0x000000012f80b800  755       3       jdk.internal.org.objectweb.asm.MethodWriter::put (1602 bytes)
Event: 0.212 Thread 0x000000012f80a800 nmethod 756 0x00000001181b6690 code [0x00000001181b6880, 0x00000001181b6c10]
Event: 0.214 Thread 0x000000012f80b800 nmethod 755 0x0000000110d7d210 code [0x0000000110d7df40, 0x0000000110d82150]
Event: 0.214 Thread 0x000000012f80b800  750       3       jdk.internal.org.objectweb.asm.ClassWriter::visitMethod (20 bytes)
Event: 0.214 Thread 0x000000012f80b800 nmethod 750 0x0000000110d83a10 code [0x0000000110d83bc0, 0x0000000110d83e40]
Event: 0.214 Thread 0x000000012f80b800  752       3       jdk.internal.org.objectweb.asm.MethodVisitor::<init> (7 bytes)
Event: 0.214 Thread 0x000000012f80b800 nmethod 752 0x0000000110d83f10 code [0x0000000110d84100, 0x0000000110d84480]
Event: 0.214 Thread 0x000000012f80b800  754       3       jdk.internal.org.objectweb.asm.MethodWriter::visitEnd (1 bytes)
Event: 0.215 Thread 0x000000012f80b800 nmethod 754 0x0000000110d84610 code [0x0000000110d847c0, 0x0000000110d84950]

GC Heap History (0 events):
No events

Deoptimization events (8 events):
Event: 0.091 Thread 0x000000012b808800 Uncommon trap: trap_request=0xffffff4d fr.pc=0x000000011818388c relative=0x00000000000004cc
Event: 0.091 Thread 0x000000012b808800 Uncommon trap: reason=unstable_if action=reinterpret pc=0x000000011818388c method=java.util.ImmutableCollections$SetN.probe(Ljava/lang/Object;)I @ 34 c2
Event: 0.091 Thread 0x000000012b808800 DEOPT PACKING pc=0x000000011818388c sp=0x000000016b14e3e0
Event: 0.091 Thread 0x000000012b808800 DEOPT UNPACKING pc=0x00000001106e0d9c sp=0x000000016b14e380 mode 2
Event: 0.100 Thread 0x000000012b808800 Uncommon trap: trap_request=0xffffff4d fr.pc=0x0000000118187324 relative=0x00000000000003e4
Event: 0.100 Thread 0x000000012b808800 Uncommon trap: reason=unstable_if action=reinterpret pc=0x0000000118187324 method=java.lang.String.substring(II)Ljava/lang/String; @ 22 c2
Event: 0.100 Thread 0x000000012b808800 DEOPT PACKING pc=0x0000000118187324 sp=0x000000016b14de70
Event: 0.100 Thread 0x000000012b808800 DEOPT UNPACKING pc=0x00000001106e0d9c sp=0x000000016b14de20 mode 2

Classes redefined (0 events):
No events

Internal exceptions (20 events):
Event: 0.056 Thread 0x000000012b808800 Exception <a 'java/lang/NoSuchMethodError'{0x0000000747e4a048}: 'java.lang.Object java.lang.invoke.Invokers$Holder.linkToTargetMethod(java.lang.Object, java.lang.Object, java.lang.Object)'> (0x0000000747e4a048) thrown at [src/hotspot/share/interpreter/linkResolver.cpp, line 773]
Event: 0.084 Thread 0x000000012b808800 Exception <a 'java/lang/NoSuchMethodError'{0x0000000747a66890}: 'int java.lang.invoke.DirectMethodHandle$Holder.invokeSpecial(java.lang.Object, java.lang.Object, java.lang.Object, java.lang.Object)'> (0x0000000747a66890) thrown at [src/hotspot/share/interpreter/linkResolver.cpp, line 773]
Event: 0.086 Thread 0x000000012b808800 Exception <a 'java/lang/NoSuchMethodError'{0x0000000747a71ab8}: 'void java.lang.invoke.DirectMethodHandle$Holder.invokeVirtual(java.lang.Object, java.lang.Object)'> (0x0000000747a71ab8) thrown at [src/hotspot/share/interpreter/linkResolver.cpp, line 773]
Event: 0.108 Thread 0x000000012b967800 Exception <a 'java/lang/ClassNotFoundException'{0x000000074797f2e8}: jdk/net/ExtendedSocketOptions> (0x000000074797f2e8) thrown at [src/hotspot/share/classfile/systemDictionary.cpp, line 231]
Event: 0.109 Thread 0x000000012b808800 Exception <a 'java/lang/NoSuchMethodError'{0x0000000747943cd8}: 'java.lang.Object java.lang.invoke.DirectMethodHandle$Holder.invokeStaticInit(java.lang.Object)'> (0x0000000747943cd8) thrown at [src/hotspot/share/interpreter/linkResolver.cpp, line 773]
Event: 0.120 Thread 0x000000012b808800 Exception <a 'java/lang/NoSuchMethodError'{0x00000007479fb760}: 'java.lang.Object java.lang.invoke.DirectMethodHandle$Holder.invokeStatic(java.lang.Object, int)'> (0x00000007479fb760) thrown at [src/hotspot/share/interpreter/linkResolver.cpp, line 773]
Event: 0.120 Thread 0x000000012b808800 Exception <a 'java/lang/NoSuchMethodError'{0x00000007479fef88}: 'java.lang.Object java.lang.invoke.Invokers$Holder.linkToTargetMethod(int, java.lang.Object)'> (0x00000007479fef88) thrown at [src/hotspot/share/interpreter/linkResolver.cpp, line 773]
Event: 0.120 Thread 0x000000012b808800 Exception <a 'java/lang/NoSuchMethodError'{0x0000000747802a78}: 'int java.lang.invoke.DirectMethodHandle$Holder.invokeStatic(java.lang.Object, java.lang.Object, int)'> (0x0000000747802a78) thrown at [src/hotspot/share/interpreter/linkResolver.cpp, line 773]
Event: 0.121 Thread 0x000000012b808800 Exception <a 'java/lang/NoSuchMethodError'{0x000000074780b8e0}: 'int java.lang.invoke.DirectMethodHandle$Holder.invokeSpecialIFC(java.lang.Object, java.lang.Object, java.lang.Object, int)'> (0x000000074780b8e0) thrown at [src/hotspot/share/interpreter/linkResolver.cpp, line 773]
Event: 0.122 Thread 0x000000012b808800 Exception <a 'java/lang/NoSuchMethodError'{0x000000074781ac08}: 'java.lang.Object java.lang.invoke.Invokers$Holder.invokeExact_MT(java.lang.Object, java.lang.Object, java.lang.Object, java.lang.Object, java.lang.Object, java.lang.Object, java.lang.Object)'> (0x000000074781ac08) thrown at [src/hotspot/share/interpreter/linkResolver.cpp, line 773]
Event: 0.123 Thread 0x000000012b808800 Exception <a 'java/lang/NoSuchMethodError'{0x00000007478207a0}: 'java.lang.Object java.lang.invoke.DirectMethodHandle$Holder.invokeStatic(java.lang.Object, java.lang.Object, int, int)'> (0x00000007478207a0) thrown at [src/hotspot/share/interpreter/linkResolver.cpp, line 773]
Event: 0.139 Thread 0x000000012b808800 Exception <a 'java/lang/NoSuchMethodError'{0x00000007478cdb78}: 'java.lang.Object java.lang.invoke.DirectMethodHandle$Holder.invokeStatic(java.lang.Object, java.lang.Object, java.lang.Object, java.lang.Object, java.lang.Object, java.lang.Object, java.lang.Object, java.lang.Object, java.lang.Object, int)'> (0x00000007478cdb78) thrown at [src/hotspot/share/interpreter/linkResolver.cpp, line 773]
Event: 0.141 Thread 0x000000012b808800 Exception <a 'java/lang/NoSuchMethodError'{0x00000007478e8f90}: 'java.lang.Object java.lang.invoke.DirectMethodHandle$Holder.invokeStatic(java.lang.Object, java.lang.Object, java.lang.Object, java.lang.Object, java.lang.Object, java.lang.Object, java.lang.Object, java.lang.Object, java.lang.Object, int, int)'> (0x00000007478e8f90) thrown at [src/hotspot/share/interpreter/linkResolver.cpp, line 773]
Event: 0.142 Thread 0x000000012b808800 Exception <a 'java/lang/NoSuchMethodError'{0x0000000747706cd8}: 'java.lang.Object java.lang.invoke.DirectMethodHandle$Holder.invokeStatic(java.lang.Object, java.lang.Object, java.lang.Object, java.lang.Object, java.lang.Object, java.lang.Object, java.lang.Object, java.lang.Object, java.lang.Object, int, int, java.lang.Object)'> (0x0000000747706cd8) thrown at [src/hotspot/share/interpreter/linkResolver.cpp, line 773]
Event: 0.150 Thread 0x000000012b808800 Exception <a 'java/lang/NoSuchMethodError'{0x00000007477523c0}: 'void java.lang.invoke.DirectMethodHandle$Holder.invokeSpecial(java.lang.Object, java.lang.Object, java.lang.Object)'> (0x00000007477523c0) thrown at [src/hotspot/share/interpreter/linkResolver.cpp, line 773]
Event: 0.165 Thread 0x000000012b058800 Exception <a 'java/lang/NoSuchMethodError'{0x00000007476dca18}: 'java.lang.Object java.lang.invoke.DirectMethodHandle$Holder.invokeStatic(java.lang.Object, java.lang.Object, java.lang.Object, java.lang.Object, java.lang.Object, java.lang.Object, java.lang.Object, java.lang.Object, java.lang.Object, java.lang.Object, java.lang.Object, int)'> (0x00000007476dca18) thrown at [src/hotspot/share/interpreter/linkResolver.cpp, line 773]
Event: 0.204 Thread 0x000000012b808800 Exception <a 'java/lang/NoSuchMethodError'{0x0000000747794100}: 'int java.lang.invoke.DirectMethodHandle$Holder.invokeStaticInit(java.lang.Object, java.lang.Object, java.lang.Object)'> (0x0000000747794100) thrown at [src/hotspot/share/interpreter/linkResolver.cpp, line 773]
Event: 0.205 Thread 0x000000012b808800 Exception <a 'java/lang/NoSuchMethodError'{0x000000074779fe20}: 'void java.lang.invoke.DirectMethodHandle$Holder.invokeSpecial(java.lang.Object, java.lang.Object)'> (0x000000074779fe20) thrown at [src/hotspot/share/interpreter/linkResolver.cpp, line 773]
Event: 0.208 Thread 0x000000012b808800 Exception <a 'java/lang/UnsatisfiedLinkError'{0x00000007477b86d0}> (0x00000007477b86d0) thrown at [src/hotspot/share/prims/jvm.cpp, line 3467]
Event: 0.208 Thread 0x000000012b808800 Exception <a 'java/lang/UnsatisfiedLinkError'{0x00000007477b86d0}> (0x00000007477b86d0) thrown at [src/hotspot/share/prims/jni.cpp, line 615]

Events (20 events):
Event: 0.209 loading class java/util/concurrent/LinkedBlockingDeque done
Event: 0.210 Thread 0x000000012c1f4000 Thread added: 0x000000012c1f4000
Event: 0.210 Protecting memory [0x000000016d5c8000,0x000000016d5d4000] with protection modes 0
Event: 0.210 loading class com/sun/glass/ui/mac/MacApplication
Event: 0.210 loading class com/sun/glass/ui/mac/MacApplication done
Event: 0.210 Protecting memory [0x0000000168ec0000,0x0000000168ecc000] with protection modes 0
Event: 0.210 Thread 0x000000013d110000 Thread added: 0x000000013d110000
Event: 0.244 loading class com/sun/glass/ui/EventLoop
Event: 0.244 loading class com/sun/glass/ui/EventLoop done
Event: 0.244 loading class com/sun/glass/ui/mac/MacApplication
Event: 0.244 loading class com/sun/glass/ui/mac/MacApplication done
Event: 0.245 Thread 0x000000012ba74800 Thread added: 0x000000012ba74800
Event: 0.245 Protecting memory [0x000000016d7d4000,0x000000016d7e0000] with protection modes 0
Event: 0.283 loading class com/sun/glass/ui/EventLoop
Event: 0.283 loading class com/sun/glass/ui/EventLoop done
Event: 0.283 loading class com/sun/glass/ui/EventLoop
Event: 0.283 loading class com/sun/glass/ui/EventLoop done
Event: 0.283 loading class java/util/concurrent/LinkedBlockingDeque$Node
Event: 0.283 loading class java/util/concurrent/LinkedBlockingDeque$Node done
Event: 0.284 Executing VM operation: RevokeBias


Dynamic libraries:
0x0000000105078000 	/Users/projectbuild/Library/Java/JavaVirtualMachines/liberica-11.0.12/lib/jli/libjli.dylib
0x00000001c6210000 	/System/Library/Frameworks/Cocoa.framework/Versions/A/Cocoa
0x00000001b27ae000 	/System/Library/Frameworks/AppKit.framework/Versions/C/AppKit
0x00000001b5cd0000 	/System/Library/Frameworks/CoreData.framework/Versions/A/CoreData
0x00000001b0b0f000 	/System/Library/Frameworks/Foundation.framework/Versions/C/Foundation
0x00000001ba666000 	/usr/lib/libSystem.B.dylib
0x00000001b3660000 	/System/Library/PrivateFrameworks/UIFoundation.framework/Versions/A/UIFoundation
0x00000001c052d000 	/System/Library/PrivateFrameworks/RemoteViewServices.framework/Versions/A/RemoteViewServices
0x00000001b8b28000 	/System/Library/PrivateFrameworks/XCTTargetBootstrap.framework/Versions/A/XCTTargetBootstrap
0x00000001bc368000 	/System/Library/PrivateFrameworks/InternationalSupport.framework/Versions/A/InternationalSupport
0x00000001bc3f1000 	/System/Library/PrivateFrameworks/UserActivity.framework/Versions/A/UserActivity
0x00000001bb893000 	/usr/lib/libspindump.dylib
0x00000001b38d0000 	/System/Library/Frameworks/UniformTypeIdentifiers.framework/Versions/A/UniformTypeIdentifiers
0x00000001b70b6000 	/usr/lib/libapp_launch_measurement.dylib
0x00000001b6633000 	/System/Library/PrivateFrameworks/CoreAnalytics.framework/Versions/A/CoreAnalytics
0x00000001b70b9000 	/System/Library/PrivateFrameworks/CoreAutoLayout.framework/Versions/A/CoreAutoLayout
0x00000001b842c000 	/System/Library/Frameworks/Metal.framework/Versions/A/Metal
0x00000001b9179000 	/usr/lib/liblangid.dylib
0x00000001b8b2c000 	/System/Library/PrivateFrameworks/CoreSVG.framework/Versions/A/CoreSVG
0x00000001b4d8d000 	/System/Library/PrivateFrameworks/SkyLight.framework/Versions/A/SkyLight
0x00000001b5155000 	/System/Library/Frameworks/CoreGraphics.framework/Versions/A/CoreGraphics
0x00000001c0ba6000 	/System/Library/Frameworks/Accelerate.framework/Versions/A/Accelerate
0x00000001bb308000 	/System/Library/PrivateFrameworks/IconServices.framework/Versions/A/IconServices
0x00000001b840e000 	/System/Library/Frameworks/IOSurface.framework/Versions/A/IOSurface
0x00000001b6663000 	/usr/lib/libDiagnosticMessagesClient.dylib
0x00000001ba5b6000 	/usr/lib/libz.1.dylib
0x00000001c3fde000 	/System/Library/Frameworks/ApplicationServices.framework/Versions/A/ApplicationServices
0x00000001b8b10000 	/System/Library/PrivateFrameworks/DFRFoundation.framework/Versions/A/DFRFoundation
0x00000001b2051000 	/usr/lib/libicucore.A.dylib
0x00000001bd165000 	/System/Library/Frameworks/AudioToolbox.framework/Versions/A/AudioToolbox
0x00000001bc374000 	/System/Library/PrivateFrameworks/DataDetectorsCore.framework/Versions/A/DataDetectorsCore
0x00000001d2390000 	/System/Library/PrivateFrameworks/TextInput.framework/Versions/A/TextInput
0x00000001b4d04000 	/usr/lib/libMobileGestalt.dylib
0x00000001b87e0000 	/System/Library/Frameworks/Carbon.framework/Versions/A/Frameworks/HIToolbox.framework/Versions/A/HIToolbox
0x00000001b6ac0000 	/System/Library/Frameworks/QuartzCore.framework/Versions/A/QuartzCore
0x00000001b1cce000 	/System/Library/Frameworks/Security.framework/Versions/A/Security
0x00000001c056d000 	/System/Library/Frameworks/Carbon.framework/Versions/A/Frameworks/SpeechRecognition.framework/Versions/A/SpeechRecognition
0x00000001b6e0d000 	/System/Library/PrivateFrameworks/CoreUI.framework/Versions/A/CoreUI
0x00000001b15a1000 	/System/Library/Frameworks/CoreAudio.framework/Versions/A/CoreAudio
0x00000001b6753000 	/System/Library/Frameworks/DiskArbitration.framework/Versions/A/DiskArbitration
0x00000001bbc7b000 	/System/Library/PrivateFrameworks/MultitouchSupport.framework/Versions/A/MultitouchSupport
0x00000001b4d02000 	/usr/lib/libenergytrace.dylib
0x00000001b267a000 	/System/Library/Frameworks/IOKit.framework/Versions/A/IOKit
0x00000001c0954000 	/System/Library/Frameworks/CoreServices.framework/Versions/A/CoreServices
0x00000001b7046000 	/System/Library/PrivateFrameworks/PerformanceAnalysis.framework/Versions/A/PerformanceAnalysis
0x0000000210bb5000 	/System/Library/Frameworks/OpenGL.framework/Versions/A/OpenGL
0x00000001b9c2c000 	/System/Library/PrivateFrameworks/MobileKeyBag.framework/Versions/A/MobileKeyBag
0x00000001afa56000 	/usr/lib/libobjc.A.dylib
0x00000001b5765000 	/System/Library/Frameworks/ColorSync.framework/Versions/A/ColorSync
0x00000001afc18000 	/System/Library/Frameworks/CoreFoundation.framework/Versions/A/CoreFoundation
0x00000001b8dad000 	/System/Library/Frameworks/CoreImage.framework/Versions/A/CoreImage
0x00000001b13c4000 	/System/Library/Frameworks/CoreText.framework/Versions/A/CoreText
0x00000001b8b5c000 	/System/Library/Frameworks/ImageIO.framework/Versions/A/ImageIO
0x00000001ba66c000 	/System/Library/PrivateFrameworks/SoftLinking.framework/Versions/A/SoftLinking
0x00000001b7103000 	/usr/lib/libxml2.2.dylib
0x00000001afb16000 	/usr/lib/libc++.1.dylib
0x00000001ba904000 	/usr/lib/libcompression.dylib
0x00000001bc2c1000 	/System/Library/PrivateFrameworks/TextureIO.framework/Versions/A/TextureIO
0x00000001bb022000 	/usr/lib/libate.dylib
0x00000001ba660000 	/usr/lib/system/libcache.dylib
0x00000001ba61e000 	/usr/lib/system/libcommonCrypto.dylib
0x00000001ba647000 	/usr/lib/system/libcompiler_rt.dylib
0x00000001ba63e000 	/usr/lib/system/libcopyfile.dylib
0x00000001af96a000 	/usr/lib/system/libcorecrypto.dylib
0x00000001afa0f000 	/usr/lib/system/libdispatch.dylib
0x00000001afbd7000 	/usr/lib/system/libdyld.dylib
0x00000001ba656000 	/usr/lib/system/libkeymgr.dylib
0x00000001ba600000 	/usr/lib/system/libmacho.dylib
0x00000001b9d0c000 	/usr/lib/system/libquarantine.dylib
0x00000001ba653000 	/usr/lib/system/libremovefile.dylib
0x00000001b4d59000 	/usr/lib/system/libsystem_asl.dylib
0x00000001af914000 	/usr/lib/system/libsystem_blocks.dylib
0x00000001afa95000 	/usr/lib/system/libsystem_c.dylib
0x00000001ba64b000 	/usr/lib/system/libsystem_collections.dylib
0x00000001b9169000 	/usr/lib/system/libsystem_configuration.dylib
0x00000001b83ef000 	/usr/lib/system/libsystem_containermanager.dylib
0x00000001ba36a000 	/usr/lib/system/libsystem_coreservices.dylib
0x00000001b22fc000 	/usr/lib/system/libsystem_darwin.dylib
0x00000001ba657000 	/usr/lib/system/libsystem_dnssd.dylib
0x00000001afa92000 	/usr/lib/system/libsystem_featureflags.dylib
0x00000001afbec000 	/usr/lib/system/libsystem_info.dylib
0x00000001ba5c8000 	/usr/lib/system/libsystem_m.dylib
0x00000001af9e4000 	/usr/lib/system/libsystem_malloc.dylib
0x00000001b4cea000 	/usr/lib/system/libsystem_networkextension.dylib
0x00000001b274f000 	/usr/lib/system/libsystem_notify.dylib
0x00000001c0833000 	/usr/lib/system/libsystem_product_info_filter.dylib
0x00000001b916e000 	/usr/lib/system/libsystem_sandbox.dylib
0x00000001ba650000 	/usr/lib/system/libsystem_secinit.dylib
0x00000001afb94000 	/usr/lib/system/libsystem_kernel.dylib
0x00000001afbe4000 	/usr/lib/system/libsystem_platform.dylib
0x00000001afbca000 	/usr/lib/system/libsystem_pthread.dylib
0x00000001b648f000 	/usr/lib/system/libsystem_symptoms.dylib
0x00000001af950000 	/usr/lib/system/libsystem_trace.dylib
0x00000001ba62b000 	/usr/lib/system/libunwind.dylib
0x00000001af916000 	/usr/lib/system/libxpc.dylib
0x00000001afb7a000 	/usr/lib/libc++abi.dylib
0x00000001ba636000 	/usr/lib/liboah.dylib
0x00000001baeea000 	/usr/lib/liblzma.5.dylib
0x00000001b0800000 	/System/Library/Frameworks/SystemConfiguration.framework/Versions/A/SystemConfiguration
0x00000001ba668000 	/usr/lib/libfakelink.dylib
0x00000001b4832000 	/System/Library/Frameworks/CFNetwork.framework/Versions/A/CFNetwork
0x00000001ba7af000 	/usr/lib/libarchive.2.dylib
0x00000001b9175000 	/System/Library/PrivateFrameworks/AppleSystemInfo.framework/Versions/A/AppleSystemInfo
0x00000001b9d36000 	/usr/lib/libbsm.0.dylib
0x00000001b3d6f000 	/usr/lib/libnetwork.dylib
0x00000001ba606000 	/usr/lib/system/libkxld.dylib
0x00000001b994e000 	/System/Library/PrivateFrameworks/IOMobileFramebuffer.framework/Versions/A/IOMobileFramebuffer
0x000000022c4e0000 	/usr/lib/libCoreEntitlements.dylib
0x00000001ba34c000 	/System/Library/PrivateFrameworks/AppleFSCompression.framework/Versions/A/AppleFSCompression
0x00000001b9d1f000 	/usr/lib/libcoretls.dylib
0x00000001baf03000 	/usr/lib/libcoretls_cfhelpers.dylib
0x00000001ba8ff000 	/usr/lib/libpam.2.dylib
0x00000001b60b7000 	/usr/lib/libsqlite3.dylib
0x00000001baf6b000 	/usr/lib/libxar.1.dylib
0x00000001ba35d000 	/usr/lib/libbz2.1.0.dylib
0x00000001ba66d000 	/usr/lib/libpcap.A.dylib
0x00000001b6486000 	/usr/lib/libdns_services.dylib
0x00000001ba8d2000 	/usr/lib/libapple_nghttp2.dylib
0x00000001ba6aa000 	/usr/lib/libiconv.2.dylib
0x00000001ba5ff000 	/usr/lib/libcharset.1.dylib
0x00000001b7082000 	/System/Library/Frameworks/CoreServices.framework/Versions/A/Frameworks/FSEvents.framework/Versions/A/FSEvents
0x00000001b2307000 	/System/Library/Frameworks/CoreServices.framework/Versions/A/Frameworks/CarbonCore.framework/Versions/A/CarbonCore
0x00000001b66b6000 	/System/Library/Frameworks/CoreServices.framework/Versions/A/Frameworks/Metadata.framework/Versions/A/Metadata
0x00000001ba370000 	/System/Library/Frameworks/CoreServices.framework/Versions/A/Frameworks/OSServices.framework/Versions/A/OSServices
0x00000001ba834000 	/System/Library/Frameworks/CoreServices.framework/Versions/A/Frameworks/SearchKit.framework/Versions/A/SearchKit
0x00000001b6414000 	/System/Library/Frameworks/CoreServices.framework/Versions/A/Frameworks/AE.framework/Versions/A/AE
0x00000001b015c000 	/System/Library/Frameworks/CoreServices.framework/Versions/A/Frameworks/LaunchServices.framework/Versions/A/LaunchServices
0x00000001bae93000 	/System/Library/Frameworks/CoreServices.framework/Versions/A/Frameworks/DictionaryServices.framework/Versions/A/DictionaryServices
0x00000001b708f000 	/System/Library/Frameworks/CoreServices.framework/Versions/A/Frameworks/SharedFileList.framework/Versions/A/SharedFileList
0x00000001b9d0f000 	/usr/lib/libCheckFix.dylib
0x00000001b4d71000 	/System/Library/PrivateFrameworks/TCC.framework/Versions/A/TCC
0x00000001b917b000 	/System/Library/PrivateFrameworks/CoreNLP.framework/Versions/A/CoreNLP
0x00000001b6666000 	/System/Library/PrivateFrameworks/MetadataUtilities.framework/Versions/A/MetadataUtilities
0x00000001b08b9000 	/usr/lib/libmecabra.dylib
0x00000001b9d47000 	/usr/lib/libmecab.dylib
0x00000001b0885000 	/usr/lib/libCRFSuite.dylib
0x00000001b9da5000 	/usr/lib/libgermantok.dylib
0x00000001ba8ab000 	/usr/lib/libThaiTokenizer.dylib
0x00000001b675b000 	/System/Library/Frameworks/Accelerate.framework/Versions/A/Frameworks/vImage.framework/Versions/A/vImage
0x00000001c092b000 	/System/Library/Frameworks/Accelerate.framework/Versions/A/Frameworks/vecLib.framework/Versions/A/vecLib
0x00000001bafaf000 	/System/Library/Frameworks/Accelerate.framework/Versions/A/Frameworks/vecLib.framework/Versions/A/libvMisc.dylib
0x00000001b9858000 	/System/Library/Frameworks/Accelerate.framework/Versions/A/Frameworks/vecLib.framework/Versions/A/libvDSP.dylib
0x00000001b04df000 	/System/Library/Frameworks/Accelerate.framework/Versions/A/Frameworks/vecLib.framework/Versions/A/libBLAS.dylib
0x00000001ba9d3000 	/System/Library/Frameworks/Accelerate.framework/Versions/A/Frameworks/vecLib.framework/Versions/A/libLAPACK.dylib
0x00000001b9da8000 	/System/Library/Frameworks/Accelerate.framework/Versions/A/Frameworks/vecLib.framework/Versions/A/libLinearAlgebra.dylib
0x00000001ba8ea000 	/System/Library/Frameworks/Accelerate.framework/Versions/A/Frameworks/vecLib.framework/Versions/A/libSparseBLAS.dylib
0x00000001ba9ce000 	/System/Library/Frameworks/Accelerate.framework/Versions/A/Frameworks/vecLib.framework/Versions/A/libQuadrature.dylib
0x00000001b9272000 	/System/Library/Frameworks/Accelerate.framework/Versions/A/Frameworks/vecLib.framework/Versions/A/libBNNS.dylib
0x00000001b079d000 	/System/Library/Frameworks/Accelerate.framework/Versions/A/Frameworks/vecLib.framework/Versions/A/libSparse.dylib
0x00000001b926a000 	/System/Library/PrivateFrameworks/LinguisticData.framework/Versions/A/LinguisticData
0x00000001b0753000 	/System/Library/PrivateFrameworks/Lexicon.framework/Versions/A/Lexicon
0x00000001bafa7000 	/usr/lib/libChineseTokenizer.dylib
0x00000001b0efd000 	/System/Library/PrivateFrameworks/LanguageModeling.framework/Versions/A/LanguageModeling
0x00000001ba8ad000 	/System/Library/PrivateFrameworks/AppleSauce.framework/Versions/A/AppleSauce
0x00000001b993b000 	/System/Library/PrivateFrameworks/CoreEmoji.framework/Versions/A/CoreEmoji
0x00000001ba79d000 	/usr/lib/libcmph.dylib
0x00000001b7062000 	/System/Library/Frameworks/OpenDirectory.framework/Versions/A/Frameworks/CFOpenDirectory.framework/Versions/A/CFOpenDirectory
0x00000001b7052000 	/System/Library/Frameworks/OpenDirectory.framework/Versions/A/OpenDirectory
0x00000001baf05000 	/System/Library/PrivateFrameworks/APFS.framework/Versions/A/APFS
0x00000001b9c67000 	/System/Library/Frameworks/SecurityFoundation.framework/Versions/A/SecurityFoundation
0x00000001baf79000 	/usr/lib/libutil.dylib
0x00000001b263c000 	/System/Library/PrivateFrameworks/CoreServicesStore.framework/Versions/A/CoreServicesStore
0x00000001baf7d000 	/usr/lib/libxslt.1.dylib
0x00000001b9cfb000 	/System/Library/PrivateFrameworks/BackgroundTaskManagement.framework/Versions/A/BackgroundTaskManagement
0x00000001bc1e2000 	/System/Library/Frameworks/ImageIO.framework/Versions/A/Resources/libRadiance.dylib
0x00000001bc1eb000 	/System/Library/Frameworks/ImageIO.framework/Versions/A/Resources/libJPEG.dylib
0x00000001bc13d000 	/System/Library/Frameworks/ImageIO.framework/Versions/A/Resources/libPng.dylib
0x00000001bc15f000 	/System/Library/Frameworks/ImageIO.framework/Versions/A/Resources/libTIFF.dylib
0x00000001bc246000 	/System/Library/Frameworks/ImageIO.framework/Versions/A/Resources/libGIF.dylib
0x00000001bbb8b000 	/System/Library/Frameworks/ImageIO.framework/Versions/A/Resources/libJP2.dylib
0x00000001bb2ce000 	/usr/lib/libexpat.1.dylib
0x00000001bbb46000 	/System/Library/PrivateFrameworks/AppleJPEG.framework/Versions/A/AppleJPEG
0x00000001b869f000 	/System/Library/PrivateFrameworks/FontServices.framework/libFontParser.dylib
0x00000001b63b9000 	/System/Library/PrivateFrameworks/RunningBoardServices.framework/Versions/A/RunningBoardServices
0x00000001c687b000 	/System/Library/PrivateFrameworks/IOSurfaceAccelerator.framework/Versions/A/IOSurfaceAccelerator
0x00000001bbc77000 	/System/Library/PrivateFrameworks/WatchdogClient.framework/Versions/A/WatchdogClient
0x00000001b1001000 	/System/Library/Frameworks/CoreDisplay.framework/Versions/A/CoreDisplay
0x00000001b858e000 	/System/Library/Frameworks/CoreMedia.framework/Versions/A/CoreMedia
0x00000001b8422000 	/System/Library/PrivateFrameworks/IOAccelerator.framework/Versions/A/IOAccelerator
0x00000001b71f0000 	/System/Library/Frameworks/CoreVideo.framework/Versions/A/CoreVideo
0x00000001ba8fd000 	/System/Library/Frameworks/MetalPerformanceShaders.framework/Versions/A/MetalPerformanceShaders
0x00000001bbcb4000 	/System/Library/Frameworks/VideoToolbox.framework/Versions/A/VideoToolbox
0x00000001b62fd000 	/System/Library/PrivateFrameworks/BaseBoard.framework/Versions/A/BaseBoard
0x00000001b609c000 	/System/Library/PrivateFrameworks/ProtocolBuffer.framework/Versions/A/ProtocolBuffer
0x00000001bc1dd000 	/System/Library/PrivateFrameworks/GPUWrangler.framework/Versions/A/GPUWrangler
0x00000001bc1bc000 	/System/Library/PrivateFrameworks/IOPresentment.framework/Versions/A/IOPresentment
0x00000001bc1e5000 	/System/Library/PrivateFrameworks/DSExternalDisplay.framework/Versions/A/DSExternalDisplay
0x0000000210ba8000 	/System/Library/Frameworks/OpenGL.framework/Versions/A/Libraries/libCoreFSCache.dylib
0x000000021a2c2000 	/System/Library/PrivateFrameworks/GPUCompiler.framework/Versions/31001/Libraries/libGPUCompilerUtils.dylib
0x00000001bc24b000 	/System/Library/PrivateFrameworks/CMCaptureCore.framework/Versions/A/CMCaptureCore
0x00000001bb881000 	/System/Library/PrivateFrameworks/AppServerSupport.framework/Versions/A/AppServerSupport
0x00000001bda20000 	/System/Library/PrivateFrameworks/perfdata.framework/Versions/A/perfdata
0x00000001b1121000 	/System/Library/PrivateFrameworks/AudioToolboxCore.framework/Versions/A/AudioToolboxCore
0x00000001b8566000 	/System/Library/PrivateFrameworks/caulk.framework/Versions/A/caulk
0x00000001bd315000 	/usr/lib/libAudioStatistics.dylib
0x00000001ceb2e000 	/System/Library/PrivateFrameworks/SystemPolicy.framework/Versions/A/SystemPolicy
0x00000001bd575000 	/usr/lib/libSMC.dylib
0x00000001c60f2000 	/System/Library/Frameworks/CoreMIDI.framework/Versions/A/CoreMIDI
0x00000001bc10b000 	/usr/lib/libAudioToolboxUtility.dylib
0x00000001cafd4000 	/System/Library/PrivateFrameworks/OSAServicesClient.framework/Versions/A/OSAServicesClient
0x00000001bda2d000 	/usr/lib/libperfcheck.dylib
0x00000001cf631000 	/usr/lib/libmis.dylib
0x0000000210c09000 	/System/Library/Frameworks/OpenGL.framework/Versions/A/Libraries/libGLU.dylib
0x0000000210bc8000 	/System/Library/Frameworks/OpenGL.framework/Versions/A/Libraries/libGFXShared.dylib
0x0000000210db2000 	/System/Library/Frameworks/OpenGL.framework/Versions/A/Libraries/libGL.dylib
0x0000000210bd1000 	/System/Library/Frameworks/OpenGL.framework/Versions/A/Libraries/libGLImage.dylib
0x0000000210bc5000 	/System/Library/Frameworks/OpenGL.framework/Versions/A/Libraries/libCVMSPluginSupport.dylib
0x0000000210baf000 	/System/Library/Frameworks/OpenGL.framework/Versions/A/Libraries/libCoreVMClient.dylib
0x00000001b90f7000 	/System/Library/Frameworks/MetalPerformanceShaders.framework/Versions/A/Frameworks/MPSCore.framework/Versions/A/MPSCore
0x00000001ba2bf000 	/System/Library/Frameworks/MetalPerformanceShaders.framework/Versions/A/Frameworks/MPSImage.framework/Versions/A/MPSImage
0x00000001b9dbd000 	/System/Library/Frameworks/MetalPerformanceShaders.framework/Versions/A/Frameworks/MPSNeuralNetwork.framework/Versions/A/MPSNeuralNetwork
0x00000001ba1fa000 	/System/Library/Frameworks/MetalPerformanceShaders.framework/Versions/A/Frameworks/MPSMatrix.framework/Versions/A/MPSMatrix
0x00000001b9fd5000 	/System/Library/Frameworks/MetalPerformanceShaders.framework/Versions/A/Frameworks/MPSRayIntersector.framework/Versions/A/MPSRayIntersector
0x00000001ba22b000 	/System/Library/Frameworks/MetalPerformanceShaders.framework/Versions/A/Frameworks/MPSNDArray.framework/Versions/A/MPSNDArray
0x00000002128c4000 	/System/Library/Frameworks/MetalPerformanceShaders.framework/Versions/A/Frameworks/MPSFunctions.framework/Versions/A/MPSFunctions
0x00000001b03bd000 	/System/Library/PrivateFrameworks/MetalTools.framework/Versions/A/MetalTools
0x00000001b9173000 	/System/Library/PrivateFrameworks/AggregateDictionary.framework/Versions/A/AggregateDictionary
0x00000001bb0b4000 	/usr/lib/libIOReport.dylib
0x00000001c50e0000 	/System/Library/PrivateFrameworks/ASEProcessing.framework/Versions/A/ASEProcessing
0x00000001bb426000 	/System/Library/PrivateFrameworks/FaceCore.framework/Versions/A/FaceCore
0x00000001bb418000 	/System/Library/PrivateFrameworks/GraphVisualizer.framework/Versions/A/GraphVisualizer
0x000000021a1d9000 	/System/Library/PrivateFrameworks/FontServices.framework/Versions/A/FontServices
0x00000001bb83b000 	/System/Library/PrivateFrameworks/OTSVG.framework/Versions/A/OTSVG
0x00000001b6dbe000 	/System/Library/Frameworks/ApplicationServices.framework/Versions/A/Frameworks/ATS.framework/Versions/A/Resources/libFontRegistry.dylib
0x00000001bb88a000 	/System/Library/PrivateFrameworks/FontServices.framework/libhvf.dylib
0x000000021a1da000 	/System/Library/PrivateFrameworks/FontServices.framework/libXTFontStaticRegistryData.dylib
0x0000000210f54000 	/System/Library/Frameworks/OpenCL.framework/Versions/A/OpenCL
0x00000001bb282000 	/System/Library/PrivateFrameworks/AppleVA.framework/Versions/A/AppleVA
0x00000001bd33d000 	/System/Library/Frameworks/ApplicationServices.framework/Versions/A/Frameworks/ATS.framework/Versions/A/ATS
0x00000001b5862000 	/System/Library/Frameworks/ApplicationServices.framework/Versions/A/Frameworks/HIServices.framework/Versions/A/HIServices
0x00000001bc255000 	/System/Library/Frameworks/ApplicationServices.framework/Versions/A/Frameworks/PrintCore.framework/Versions/A/PrintCore
0x00000001bd6c8000 	/System/Library/Frameworks/ApplicationServices.framework/Versions/A/Frameworks/QD.framework/Versions/A/QD
0x00000001bd6c0000 	/System/Library/Frameworks/ApplicationServices.framework/Versions/A/Frameworks/ColorSyncLegacy.framework/Versions/A/ColorSyncLegacy
0x00000001bd329000 	/System/Library/Frameworks/ApplicationServices.framework/Versions/A/Frameworks/SpeechSynthesis.framework/Versions/A/SpeechSynthesis
0x00000001bc216000 	/System/Library/Frameworks/ApplicationServices.framework/Versions/A/Frameworks/ATSUI.framework/Versions/A/ATSUI
0x00000001bd655000 	/usr/lib/libcups.2.dylib
0x00000001bda3b000 	/System/Library/Frameworks/Kerberos.framework/Versions/A/Kerberos
0x00000001bda4c000 	/System/Library/Frameworks/GSS.framework/Versions/A/GSS
0x00000001bd3ac000 	/usr/lib/libresolv.9.dylib
0x00000001bb898000 	/System/Library/PrivateFrameworks/Heimdal.framework/Versions/A/Heimdal
0x00000001c4354000 	/System/Library/Frameworks/Kerberos.framework/Versions/A/Libraries/libHeimdalProxy.dylib
0x00000001b6498000 	/System/Library/Frameworks/Network.framework/Versions/A/Network
0x00000001bb2e9000 	/usr/lib/libheimdal-asn1.dylib
0x00000001bda92000 	/System/Library/PrivateFrameworks/CommonAuth.framework/Versions/A/CommonAuth
0x00000001bd2a3000 	/System/Library/PrivateFrameworks/AudioSession.framework/Versions/A/AudioSession
0x00000001bb37a000 	/System/Library/PrivateFrameworks/MediaExperience.framework/Versions/A/MediaExperience
0x00000001bd12b000 	/System/Library/PrivateFrameworks/AudioSession.framework/libSessionUtility.dylib
0x00000001bd6d4000 	/System/Library/PrivateFrameworks/AudioResourceArbitration.framework/Versions/A/AudioResourceArbitration
0x00000001bb2f2000 	/System/Library/PrivateFrameworks/IconFoundation.framework/Versions/A/IconFoundation
0x00000001c0559000 	/System/Library/PrivateFrameworks/SpeechRecognitionCore.framework/Versions/A/SpeechRecognitionCore
0x0000000105d40000 	/Users/projectbuild/Library/Java/JavaVirtualMachines/liberica-11.0.12/lib/server/libjvm.dylib
0x00000001050e0000 	/Users/projectbuild/Library/Java/JavaVirtualMachines/liberica-11.0.12/lib/libverify.dylib
0x0000000105204000 	/Users/projectbuild/Library/Java/JavaVirtualMachines/liberica-11.0.12/lib/libjava.dylib
0x00000001050f8000 	/Users/projectbuild/Library/Java/JavaVirtualMachines/liberica-11.0.12/lib/libjimage.dylib
0x00000001051d0000 	/Users/projectbuild/Library/Java/JavaVirtualMachines/liberica-11.0.12/lib/libinstrument.dylib
0x00000001051e8000 	/Users/projectbuild/Library/Java/JavaVirtualMachines/liberica-11.0.12/lib/libzip.dylib
0x0000000105cd8000 	/Users/projectbuild/Library/Java/JavaVirtualMachines/liberica-11.0.12/lib/libnio.dylib
0x0000000105d1c000 	/Users/projectbuild/Library/Java/JavaVirtualMachines/liberica-11.0.12/lib/libnet.dylib
0x0000000105cf8000 	/Users/projectbuild/Library/Java/JavaVirtualMachines/liberica-11.0.12/lib/libprism_es2.dylib
0x00000001b25ff000 	/System/Library/PrivateFrameworks/CoreServicesInternal.framework/Versions/A/CoreServicesInternal
0x0000000210dbc000 	/System/Library/Frameworks/OpenGL.framework/Versions/A/Resources/GLEngine.bundle/GLEngine
0x0000000210c43000 	/System/Library/Frameworks/OpenGL.framework/Versions/A/Libraries/libGLProgrammability.dylib
0x000000012ab34000 	/System/Library/Extensions/AppleMetalOpenGLRenderer.bundle/Contents/MacOS/AppleMetalOpenGLRenderer
0x0000000210f2b000 	/System/Library/Frameworks/OpenGL.framework/Versions/A/Resources/GLRendererFloat.bundle/GLRendererFloat
0x0000000210fcc000 	/System/Library/Extensions/AGXMetal13_3.bundle/Contents/MacOS/AGXMetal13_3
0x00000001cf64d000 	/System/Library/PrivateFrameworks/GPURawCounter.framework/Versions/A/GPURawCounter
0x00000001ca122000 	/System/Library/PrivateFrameworks/IOGPU.framework/Versions/A/IOGPU
0x000000012aa74000 	/Users/projectbuild/Library/Java/JavaVirtualMachines/liberica-11.0.12/lib/libglass.dylib
0x00000001c19f9000 	/System/Library/Frameworks/FileProvider.framework/Versions/A/FileProvider
0x00000001b6265000 	/System/Library/Frameworks/Accounts.framework/Versions/A/Accounts
0x00000001c1b79000 	/System/Library/PrivateFrameworks/GenerationalStorage.framework/Versions/A/GenerationalStorage
0x00000001c2729000 	/System/Library/PrivateFrameworks/CoreSymbolication.framework/Versions/A/CoreSymbolication
0x00000001c1799000 	/System/Library/PrivateFrameworks/SymptomDiagnosticReporter.framework/Versions/A/SymptomDiagnosticReporter
0x00000001b38e4000 	/System/Library/PrivateFrameworks/DesktopServicesPriv.framework/Versions/A/DesktopServicesPriv
0x00000001b275e000 	/usr/lib/libsandbox.1.dylib
0x00000001b727c000 	/System/Library/PrivateFrameworks/UserManagement.framework/Versions/A/UserManagement
0x00000001c26ea000 	/System/Library/PrivateFrameworks/DebugSymbols.framework/Versions/A/DebugSymbols
0x00000001bd6b3000 	/System/Library/PrivateFrameworks/NetAuth.framework/Versions/A/NetAuth
0x00000001be5b1000 	/System/Library/PrivateFrameworks/Sharing.framework/Versions/A/Sharing
0x00000001b724c000 	/System/Library/PrivateFrameworks/login.framework/Versions/A/Frameworks/loginsupport.framework/Versions/A/loginsupport
0x00000001c389a000 	/System/Library/PrivateFrameworks/Apple80211.framework/Versions/A/Apple80211
0x00000001ba3a3000 	/System/Library/PrivateFrameworks/AuthKit.framework/Versions/A/AuthKit
0x00000001b9a3a000 	/System/Library/PrivateFrameworks/CoreUtils.framework/Versions/A/CoreUtils
0x00000001b995a000 	/System/Library/Frameworks/CoreWLAN.framework/Versions/A/CoreWLAN
0x00000001be71a000 	/System/Library/Frameworks/IOBluetooth.framework/Versions/A/IOBluetooth
0x00000001c38fa000 	/System/Library/PrivateFrameworks/CoreWiFi.framework/Versions/A/CoreWiFi
0x00000001c22d1000 	/System/Library/PrivateFrameworks/FrontBoardServices.framework/Versions/A/FrontBoardServices
0x00000001c2369000 	/System/Library/PrivateFrameworks/BoardServices.framework/Versions/A/BoardServices
0x00000001b9c55000 	/System/Library/PrivateFrameworks/AssertionServices.framework/Versions/A/AssertionServices
0x00000001c3a68000 	/System/Library/PrivateFrameworks/BackBoardServices.framework/Versions/A/BackBoardServices
0x00000001bdb25000 	/System/Library/PrivateFrameworks/CorePhoneNumbers.framework/Versions/A/CorePhoneNumbers
0x00000001c18c9000 	/System/Library/PrivateFrameworks/DiskManagement.framework/Versions/A/DiskManagement
0x00000001c17cc000 	/System/Library/PrivateFrameworks/AppleIDAuthSupport.framework/Versions/A/AppleIDAuthSupport
0x0000000214b5d000 	/System/Library/PrivateFrameworks/AAAFoundation.framework/Versions/A/AAAFoundation
0x00000001bdb04000 	/System/Library/PrivateFrameworks/KeychainCircle.framework/Versions/A/KeychainCircle
0x00000001c1895000 	/System/Library/PrivateFrameworks/MediaKit.framework/Versions/A/MediaKit
0x00000001c17d9000 	/System/Library/Frameworks/DiscRecording.framework/Versions/A/DiscRecording
0x00000001bb1fe000 	/usr/lib/libCoreStorage.dylib
0x00000001c3d62000 	/usr/lib/libcsfde.dylib
0x00000001be7ef000 	/System/Library/PrivateFrameworks/ProtectedCloudStorage.framework/Versions/A/ProtectedCloudStorage
0x00000001c3d5a000 	/System/Library/PrivateFrameworks/EFILogin.framework/Versions/A/EFILogin
0x00000001c1ba0000 	/System/Library/PrivateFrameworks/OctagonTrust.framework/Versions/A/OctagonTrust
0x0000000219444000 	/System/Library/PrivateFrameworks/CoreUtilsExtras.framework/Versions/A/CoreUtilsExtras
0x00000001c170b000 	/System/Library/Frameworks/CoreBluetooth.framework/Versions/A/CoreBluetooth
0x00000001c43d9000 	/System/Library/Frameworks/AudioUnit.framework/Versions/A/AudioUnit
0x00000001bb1f6000 	/usr/lib/libMatch.1.dylib
0x00000001d38b4000 	/System/Library/Frameworks/Accelerate.framework/Versions/A/Frameworks/vImage.framework/Versions/A/Libraries/libCGInterfaces.dylib
0x000000012add4000 	/usr/lib/libobjc-trampolines.dylib
0x00000001b6f4a000 	/System/Library/PrivateFrameworks/ViewBridge.framework/Versions/A/ViewBridge


VM Arguments:
jvm_args: -Djava.library.path=/Users/projectbuild/Desktop/JavaCS3318/javafx-sdk-11.0.2/lib -javaagent:/Applications/IntelliJ IDEA CE.app/Contents/lib/idea_rt.jar=52717:/Applications/IntelliJ IDEA CE.app/Contents/bin -Dfile.encoding=UTF-8 --module-path=/Users/projectbuild/.m2/repository/org/openjfx/javafx-graphics/11.0.2/javafx-graphics-11.0.2-mac.jar:/Users/projectbuild/.m2/repository/org/openjfx/javafx-base/11.0.2/javafx-base-11.0.2-mac.jar:/Users/projectbuild/.m2/repository/org/openjfx/javafx-fxml/11.0.2/javafx-fxml-11.0.2-mac.jar:/Users/projectbuild/.m2/repository/org/openjfx/javafx-controls/11.0.2/javafx-controls-11.0.2-mac.jar:/Users/projectbuild/Desktop/JavaFxAssignment3/target/classes -Djdk.module.main=com.example.javafxassignment3 
java_command: com.example.javafxassignment3/com.example.javafxassignment3.RegistrationFormApplication
java_class_path (initial): /Users/projectbuild/.m2/repository/org/openjfx/javafx-controls/11.0.2/javafx-controls-11.0.2.jar:/Users/projectbuild/.m2/repository/org/openjfx/javafx-graphics/11.0.2/javafx-graphics-11.0.2.jar:/Users/projectbuild/.m2/repository/org/openjfx/javafx-base/11.0.2/javafx-base-11.0.2.jar:/Users/projectbuild/.m2/repository/org/openjfx/javafx-fxml/11.0.2/javafx-fxml-11.0.2.jar
Launcher Type: SUN_STANDARD

[Global flags]
     intx CICompilerCount                          = 4                                         {product} {ergonomic}
     uint ConcGCThreads                            = 2                                         {product} {ergonomic}
     uint G1ConcRefinementThreads                  = 8                                         {product} {ergonomic}
   size_t G1HeapRegionSize                         = 1048576                                   {product} {ergonomic}
    uintx GCDrainStackTargetSize                   = 64                                        {product} {ergonomic}
   size_t InitialHeapSize                          = 134217728                                 {product} {ergonomic}
   size_t MarkStackSize                            = 4194304                                   {product} {ergonomic}
   size_t MaxHeapSize                              = 2147483648                                {product} {ergonomic}
   size_t MaxNewSize                               = 1287651328                                {product} {ergonomic}
   size_t MinHeapDeltaBytes                        = 1048576                                   {product} {ergonomic}
    uintx NonNMethodCodeHeapSize                   = 5836492                                {pd product} {ergonomic}
    uintx NonProfiledCodeHeapSize                  = 122910874                              {pd product} {ergonomic}
    uintx ProfiledCodeHeapSize                     = 122910874                              {pd product} {ergonomic}
    uintx ReservedCodeCacheSize                    = 251658240                              {pd product} {ergonomic}
     bool SegmentedCodeCache                       = true                                      {product} {ergonomic}
     bool UseCompressedClassPointers               = true                                 {lp64_product} {ergonomic}
     bool UseCompressedOops                        = true                                 {lp64_product} {ergonomic}
     bool UseG1GC                                  = true                                      {product} {ergonomic}

Logging:
Log output configuration:
 #0: stdout all=warning uptime,level,tags
 #1: stderr all=off uptime,level,tags

Environment Variables:
PATH=/Library/Frameworks/Python.framework/Versions/3.9/bin:/usr/local/bin:/usr/bin:/bin:/usr/sbin:/sbin:/Applications/VMware Fusion.app/Contents/Public:/usr/local/share/dotnet:~/.dotnet/tools:/Library/Apple/usr/bin:/Library/Frameworks/Mono.framework/Versions/Current/Commands
SHELL=/bin/zsh
LC_CTYPE=en_IE.UTF-8

Signal Handlers:
SIGSEGV: [libjvm.dylib+0x6c4b48], sa_mask[0]=11111111011111110111111111111111, sa_flags=SA_ONSTACK|SA_RESTART|SA_SIGINFO
SIGBUS: [libjvm.dylib+0x6c4b48], sa_mask[0]=11111111011111110111111111111111, sa_flags=SA_RESTART|SA_SIGINFO
SIGFPE: [libjvm.dylib+0x6c4b48], sa_mask[0]=11111111011111110111111111111111, sa_flags=SA_RESTART|SA_SIGINFO
SIGPIPE: [libjvm.dylib+0x57f8d8], sa_mask[0]=11111111011111110111111111111111, sa_flags=SA_RESTART|SA_SIGINFO
SIGXFSZ: [libjvm.dylib+0x57f8d8], sa_mask[0]=11111111011111110111111111111111, sa_flags=SA_RESTART|SA_SIGINFO
SIGILL: [libjvm.dylib+0x6c4b48], sa_mask[0]=11111111011111110111111111111111, sa_flags=SA_RESTART|SA_SIGINFO
SIGUSR2: [libjvm.dylib+0x57fed8], sa_mask[0]=00100000000000000000000000000000, sa_flags=SA_RESTART|SA_SIGINFO
SIGHUP: [libjvm.dylib+0x57e64c], sa_mask[0]=11111111011111110111111111111111, sa_flags=SA_RESTART|SA_SIGINFO
SIGINT: [libjvm.dylib+0x57e64c], sa_mask[0]=11111111011111110111111111111111, sa_flags=SA_RESTART|SA_SIGINFO
SIGTERM: [libjvm.dylib+0x57e64c], sa_mask[0]=11111111011111110111111111111111, sa_flags=SA_RESTART|SA_SIGINFO
SIGQUIT: [libjvm.dylib+0x57e64c], sa_mask[0]=11111111011111110111111111111111, sa_flags=SA_RESTART|SA_SIGINFO


---------------  S Y S T E M  ---------------

OS:uname:Darwin 21.1.0 Darwin Kernel Version 21.1.0: Wed Oct 13 17:33:24 PDT 2021; root:xnu-8019.41.5~1/RELEASE_ARM64_T8101 arm64
OS uptime: 5 days 0:33 hours
rlimit (soft/hard): STACK 8176k/65520k , CORE 0k/infinity , NPROC 1333/2000 , NOFILE 10240/infinity , AS infinity/infinity , CPU infinity/infinity , DATA infinity/infinity , FSIZE infinity/infinity , MEMLOCK infinity/infinity , RSS infinity/infinity
load average:1.86 1.91 1.89

CPU:total 8 (initial active 8) 0x61:0x0:0x1b588bb3:0, simd, crc, lse

Memory: 16k page, physical 8388608k(90624k free), swap 5242880k(1426432k free)

vm_info: OpenJDK 64-Bit Server VM (11.0.12+7-LTS) for bsd-aarch64 JRE (11.0.12+7-LTS), built on Jul  9 2021 15:37:56 by "bellsoft" with clang Apple LLVM 12.0.0 (clang-1200.0.32.28)

END.
